Build started 13/01/2013 23:29:24.
     1>Project "W:\applications\osal_lib\osal_lib.vcxproj" on node 4 (build target(s)).
     1>InitializeBuildStatus:
         Creating "Debug\osal_lib.unsuccessfulbuild" because "AlwaysCreate" was specified.
       ClCompile:
         C:\Program Files (x86)\Microsoft Visual Studio 10.0\VC\bin\CL.exe /c /IW:\ext_lib\boost_1_48_ported_to_vxworks /IW:\include /ZI /nologo /W3 /WX- /Od /Oy- /D WIN32 /D _DEBUG /D _LIB /D BOOST_ALL_NO_LIB /D SUPPORT_FOR_WIN32_OSAL /D _UNICODE /D UNICODE /Gm /EHsc /RTC1 /MTd /GS /fp:precise /Zc:wchar_t /Zc:forScope /Fo"Debug\/..\..\src\osal\/" /Fd"Debug\vc100.pdb" /Gd /TP /analyze- /errorReport:prompt ..\..\src\osal\CountingSempahore.cpp ..\..\src\osal\EventNotification.cpp ..\..\src\osal\ExitFunctionHolder.cpp ..\..\src\osal\MessageQueue.cpp ..\..\src\osal\Mutex.cpp ..\..\src\osal\OsalTimeUtils.cpp ..\..\src\osal\RWMutex.cpp ..\..\src\osal\StopWatch.cpp ..\..\src\osal\Thread.cpp
         Thread.cpp
         StopWatch.cpp
     1>w:\src\osal\stopwatch.cpp(36): warning C4244: 'return' : conversion from '__int64' to 'osal::milliseconds_t', possible loss of data
         RWMutex.cpp
     1>w:\src\osal\details\rwmutex.hpp(32): warning C4244: 'initializing' : conversion from '__int64' to 'long', possible loss of data
         OsalTimeUtils.cpp
         Mutex.cpp
         MessageQueue.cpp
         ExitFunctionHolder.cpp
     1>w:\src\osal\exitfunctionholder.cpp(101): warning C4996: 'strerror': This function or variable may be unsafe. Consider using strerror_s instead. To disable deprecation, use _CRT_SECURE_NO_WARNINGS. See online help for details.
                 c:\program files (x86)\microsoft visual studio 10.0\vc\include\string.h(157) : see declaration of 'strerror'
         EventNotification.cpp
         CountingSempahore.cpp
         Generating Code...
       Lib:
         C:\Program Files (x86)\Microsoft Visual Studio 10.0\VC\bin\Lib.exe /OUT:"W:\applications\osal_lib\Debug\osal_lib.lib" /NOLOGO Debug\/..\..\src\osal\/CountingSempahore.obj
         Debug\/..\..\src\osal\/EventNotification.obj
         Debug\/..\..\src\osal\/ExitFunctionHolder.obj
         Debug\/..\..\src\osal\/MessageQueue.obj
         Debug\/..\..\src\osal\/Mutex.obj
         Debug\/..\..\src\osal\/OsalTimeUtils.obj
         Debug\/..\..\src\osal\/RWMutex.obj
         Debug\/..\..\src\osal\/StopWatch.obj
         Debug\/..\..\src\osal\/Thread.obj
         osal_lib.vcxproj -> W:\applications\osal_lib\Debug\osal_lib.lib
       FinalizeBuildStatus:
         Deleting file "Debug\osal_lib.unsuccessfulbuild".
         Touching "Debug\osal_lib.lastbuildstate".
     1>Done Building Project "W:\applications\osal_lib\osal_lib.vcxproj" (build target(s)).

Build succeeded.

Time Elapsed 00:00:32.08
