Build started 13/01/2013 23:29:23.
     1>Project "W:\applications\boost_libs\boost_libs.vcxproj" on node 2 (build target(s)).
     1>InitializeBuildStatus:
         Creating "Debug\boost_libs.unsuccessfulbuild" because "AlwaysCreate" was specified.
       ClCompile:
         C:\Program Files (x86)\Microsoft Visual Studio 10.0\VC\bin\CL.exe /c /IW:\ext_lib\boost_1_48_ported_to_vxworks /ZI /nologo /W3 /WX- /Od /Oy- /D WIN32 /D _DEBUG /D _CONSOLE /D BOOST_ALL_NO_LIB /D _UNICODE /D UNICODE /Gm /EHsc /RTC1 /MTd /GS /fp:precise /Zc:wchar_t /Zc:forScope /Fo"Debug\/..\..\ext_lib\boost_1_48_ported_to_vxworks\libs\date_time\gregorian\/" /Fd"Debug\vc100.pdb" /Gd /TP /analyze- /errorReport:prompt ..\..\ext_lib\boost_1_48_ported_to_vxworks\libs\date_time\gregorian\date_generators.cpp ..\..\ext_lib\boost_1_48_ported_to_vxworks\libs\date_time\gregorian\gregorian_types.cpp ..\..\ext_lib\boost_1_48_ported_to_vxworks\libs\date_time\gregorian\greg_month.cpp ..\..\ext_lib\boost_1_48_ported_to_vxworks\libs\date_time\gregorian\greg_weekday.cpp
         greg_weekday.cpp
         greg_month.cpp
         gregorian_types.cpp
         date_generators.cpp
         Generating Code...
         C:\Program Files (x86)\Microsoft Visual Studio 10.0\VC\bin\CL.exe /c /IW:\ext_lib\boost_1_48_ported_to_vxworks /ZI /nologo /W3 /WX- /Od /Oy- /D WIN32 /D _DEBUG /D _CONSOLE /D BOOST_ALL_NO_LIB /D _UNICODE /D UNICODE /Gm /EHsc /RTC1 /MTd /GS /fp:precise /Zc:wchar_t /Zc:forScope /Fo"Debug\/..\..\ext_lib\boost_1_48_ported_to_vxworks\libs\date_time\posix_time\/" /Fd"Debug\vc100.pdb" /Gd /TP /analyze- /errorReport:prompt ..\..\ext_lib\boost_1_48_ported_to_vxworks\libs\date_time\posix_time\posix_time_types.cpp
         posix_time_types.cpp
         C:\Program Files (x86)\Microsoft Visual Studio 10.0\VC\bin\CL.exe /c /IW:\ext_lib\boost_1_48_ported_to_vxworks /ZI /nologo /W3 /WX- /Od /Oy- /D WIN32 /D _DEBUG /D _CONSOLE /D BOOST_ALL_NO_LIB /D _UNICODE /D UNICODE /Gm /EHsc /RTC1 /MTd /GS /fp:precise /Zc:wchar_t /Zc:forScope /Fo"Debug\/..\..\ext_lib\boost_1_48_ported_to_vxworks\libs\message_queue\/" /Fd"Debug\vc100.pdb" /Gd /TP /analyze- /errorReport:prompt ..\..\ext_lib\boost_1_48_ported_to_vxworks\libs\message_queue\message_queue.cpp ..\..\ext_lib\boost_1_48_ported_to_vxworks\libs\message_queue\mq_data.cpp
         mq_data.cpp
         message_queue.cpp
     1>w:\ext_lib\boost_1_48_ported_to_vxworks\libs\message_queue\message_queue.cpp(219): warning C4305: 'return' : truncation from 'int' to 'bool'
     1>c:\program files (x86)\microsoft visual studio 10.0\vc\include\xutility(2227): warning C4996: 'std::_Copy_impl': Function call with parameters that may be unsafe - this call relies on the caller to check that the passed values are correct. To disable this warning, use -D_SCL_SECURE_NO_WARNINGS. See documentation on how to use Visual C++ 'Checked Iterators'
                 c:\program files (x86)\microsoft visual studio 10.0\vc\include\xutility(2212) : see declaration of 'std::_Copy_impl'
                 w:\ext_lib\boost_1_48_ported_to_vxworks\libs\message_queue\message_queue.cpp(168) : see reference to function template instantiation '_OutIt std::copy<_Ty2,char*>(_InIt,_InIt,_OutIt)' being compiled
                 with
                 [
                     _OutIt=char *,
                     _Ty2=const char *,
                     _InIt=const char *
                 ]
         Generating Code...
         C:\Program Files (x86)\Microsoft Visual Studio 10.0\VC\bin\CL.exe /c /IW:\ext_lib\boost_1_48_ported_to_vxworks /ZI /nologo /W3 /WX- /Od /Oy- /D WIN32 /D _DEBUG /D _CONSOLE /D BOOST_ALL_NO_LIB /D _UNICODE /D UNICODE /Gm /EHsc /RTC1 /MTd /GS /fp:precise /Zc:wchar_t /Zc:forScope /Fo"Debug\/..\..\ext_lib\boost_1_48_ported_to_vxworks\libs\thread\/" /Fd"Debug\vc100.pdb" /Gd /TP /analyze- /errorReport:prompt ..\..\ext_lib\boost_1_48_ported_to_vxworks\libs\thread\tss_null.cpp
         tss_null.cpp
         C:\Program Files (x86)\Microsoft Visual Studio 10.0\VC\bin\CL.exe /c /IW:\ext_lib\boost_1_48_ported_to_vxworks /ZI /nologo /W3 /WX- /Od /Oy- /D WIN32 /D _DEBUG /D _CONSOLE /D BOOST_ALL_NO_LIB /D _UNICODE /D UNICODE /Gm /EHsc /RTC1 /MTd /GS /fp:precise /Zc:wchar_t /Zc:forScope /Fo"Debug\/..\..\ext_lib\boost_1_48_ported_to_vxworks\libs\thread\win32\/" /Fd"Debug\vc100.pdb" /Gd /TP /analyze- /errorReport:prompt ..\..\ext_lib\boost_1_48_ported_to_vxworks\libs\thread\win32\thread.cpp
         thread.cpp
       Lib:
         C:\Program Files (x86)\Microsoft Visual Studio 10.0\VC\bin\Lib.exe /OUT:"W:\applications\boost_libs\Debug\boost_libs.lib" /NOLOGO Debug\/..\..\ext_lib\boost_1_48_ported_to_vxworks\libs\date_time\gregorian\/date_generators.obj
         Debug\/..\..\ext_lib\boost_1_48_ported_to_vxworks\libs\date_time\gregorian\/gregorian_types.obj
         Debug\/..\..\ext_lib\boost_1_48_ported_to_vxworks\libs\date_time\gregorian\/greg_month.obj
         Debug\/..\..\ext_lib\boost_1_48_ported_to_vxworks\libs\date_time\gregorian\/greg_weekday.obj
         Debug\/..\..\ext_lib\boost_1_48_ported_to_vxworks\libs\date_time\posix_time\/posix_time_types.obj
         Debug\/..\..\ext_lib\boost_1_48_ported_to_vxworks\libs\message_queue\/message_queue.obj
         Debug\/..\..\ext_lib\boost_1_48_ported_to_vxworks\libs\message_queue\/mq_data.obj
         Debug\/..\..\ext_lib\boost_1_48_ported_to_vxworks\libs\thread\/tss_null.obj
         Debug\/..\..\ext_lib\boost_1_48_ported_to_vxworks\libs\thread\win32\/thread.obj
     1>tss_null.obj : warning LNK4221: This object file does not define any previously undefined public symbols, so it will not be used by any link operation that consumes this library
         boost_libs.vcxproj -> W:\applications\boost_libs\Debug\boost_libs.lib
       FinalizeBuildStatus:
         Deleting file "Debug\boost_libs.unsuccessfulbuild".
         Touching "Debug\boost_libs.lastbuildstate".
     1>Done Building Project "W:\applications\boost_libs\boost_libs.vcxproj" (build target(s)).

Build succeeded.

Time Elapsed 00:00:28.95
